2024-09-03T18:13:29.704Z - GET /
2024-09-03T18:13:31.758Z - GET /styles.css
2024-09-03T18:13:31.801Z - GET /WebDesignSummer24/Portfolio/images/LittleRobotBackgroundErase.png
2024-09-03T18:13:31.804Z - GET /WebDesignSummer24/Portfolio/images/SoftwareEngineerMacN_it.png
2024-09-03T18:13:31.810Z - GET /script.js
2024-09-03T18:13:32.404Z - GET /favicon.ico
2024-09-03T18:13:43.052Z - GET /index.html
2024-09-03T18:13:43.086Z - GET /styles.css
2024-09-03T18:13:43.097Z - GET /WebDesignSummer24/Portfolio/images/LittleRobotBackgroundErase.png
2024-09-03T18:13:43.102Z - GET /WebDesignSummer24/Portfolio/images/SoftwareEngineerMacN_it.png
2024-09-03T18:13:43.106Z - GET /script.js
2024-09-03T18:13:56.190Z - GET /styles.css
2024-09-03T18:21:13.291Z - GET /index.html
2024-09-03T18:21:13.309Z - GET /styles.css
2024-09-03T18:21:15.307Z - GET /WebDesignSummer24/Portfolio/images/LittleRobotBackgroundErase.png
2024-09-03T18:21:15.312Z - GET /WebDesignSummer24/Portfolio/images/SoftwareEngineerMacN_it.png
2024-09-03T18:21:15.314Z - GET /script.js
2024-09-03T18:22:53.146Z - GET /about.html
2024-09-03T18:22:53.180Z - GET /aboutStyles.css
2024-09-03T18:22:55.200Z - GET /WebDesignSummer24/Portfolio/images/LittleRobotBackgroundErase.png
2024-09-03T18:22:55.205Z - GET /WebDesignSummer24/Portfolio/images/fcc_meta_1920X1080-indigo.png
2024-09-03T18:22:55.202Z - GET /WebDesignSummer24/Portfolio/images/GitHub-Mark.png
2024-09-03T18:22:55.203Z - GET /WebDesignSummer24/Portfolio/images/Button-Fill-Black-Large.png
2024-09-03T18:22:55.209Z - GET /WebDesignSummer24/Portfolio/images/Dev-badge.png
2024-09-03T18:22:55.210Z - GET /WebDesignSummer24/Portfolio/images/React-icon.png
2024-09-03T18:22:55.211Z - GET /WebDesignSummer24/Portfolio/images/VueJS.png
2024-09-03T18:22:55.212Z - GET /WebDesignSummer24/Portfolio/images/Angular.png
2024-09-03T18:22:55.214Z - GET /WebDesignSummer24/Portfolio/images/Node.js.png
2024-09-03T18:22:55.221Z - GET /WebDesignSummer24/Portfolio/images/Android.png
2024-09-03T18:22:55.219Z - GET /WebDesignSummer24/Portfolio/images/DockerMobylogo.png
2024-09-03T18:22:55.223Z - GET /WebDesignSummer24/Portfolio/images/SoftwareEngineer_AFAM_Female.png
2024-09-03T18:22:55.217Z - GET /WebDesignSummer24/Portfolio/images/aws_logo_smile_1200x630.png
2024-09-03T18:22:55.226Z - GET /WebDesignSummer24/Portfolio/images/SoftwareEngineer_AFAM_Male.png
2024-09-03T18:22:55.228Z - GET /WebDesignSummer24/Portfolio/images/SoftwareEngineer_MeXAM_Female.png
2024-09-03T18:22:55.230Z - GET /aboutScript.js
2024-09-03T18:22:55.259Z - GET /WebDesignSummer24/Portfolio/images/GitHub-Mark.png
2024-09-03T18:22:55.261Z - GET /WebDesignSummer24/Portfolio/images/fcc_meta_1920X1080-indigo.png
2024-09-03T18:22:55.260Z - GET /WebDesignSummer24/Portfolio/images/Button-Fill-Black-Large.png
2024-09-03T18:22:55.262Z - GET /WebDesignSummer24/Portfolio/images/Dev-badge.png
2024-09-03T18:22:55.263Z - GET /WebDesignSummer24/Portfolio/images/React-icon.png
2024-09-03T18:22:59.793Z - GET /index.html
2024-09-03T18:22:59.847Z - GET /styles.css
2024-09-03T18:22:59.852Z - GET /script.js
2024-09-03T18:22:59.850Z - GET /WebDesignSummer24/Portfolio/images/LittleRobotBackgroundErase.png
2024-09-03T18:22:59.851Z - GET /WebDesignSummer24/Portfolio/images/SoftwareEngineerMacN_it.png
2024-09-03T18:24:49.520Z - GET /WebDesignSummer24/Portfolio/images/LittleRobotBackgroundErase.png
2024-09-03T18:29:17.343Z - GET /index.html
2024-09-03T18:29:17.364Z - GET /styles.css
2024-09-03T18:29:17.390Z - GET /Portfolio/images/LittleRobotBackgroundErase.png
2024-09-03T18:29:17.394Z - GET /WebDesignSummer24/Portfolio/images/SoftwareEngineerMacN_it.png
2024-09-03T18:29:17.399Z - GET /script.js
2024-09-03T18:29:21.873Z - GET /index.html
2024-09-03T18:29:21.896Z - GET /styles.css
2024-09-03T18:29:21.910Z - GET /Portfolio/images/LittleRobotBackgroundErase.png
2024-09-03T18:29:21.912Z - GET /WebDesignSummer24/Portfolio/images/SoftwareEngineerMacN_it.png
2024-09-03T18:29:21.913Z - GET /script.js
2024-09-03T18:29:22.069Z - GET /favicon.ico
2024-09-03T18:31:40.953Z - GET /
2024-09-03T18:31:40.972Z - GET /styles.css
2024-09-03T18:31:42.986Z - GET /Portfolio/images/LittleRobotBackgroundErase.png
2024-09-03T18:31:42.993Z - GET /script.js
2024-09-03T18:31:42.990Z - GET /WebDesignSummer24/Portfolio/images/SoftwareEngineerMacN_it.png
2024-09-03T18:32:16.476Z - GET /
2024-09-03T18:32:16.498Z - GET /styles.css
2024-09-03T18:32:16.512Z - GET /Portfolio/images/LittleRobotBackgroundErase.png
2024-09-03T18:32:16.517Z - GET /Portfolio/images/SoftwareEngineerMacN_it.png
2024-09-03T18:32:16.524Z - GET /script.js
2024-09-03T18:32:16.694Z - GET /favicon.ico
2024-09-03T18:32:19.073Z - GET /
2024-09-03T18:32:19.091Z - GET /styles.css
2024-09-03T18:32:19.107Z - GET /Portfolio/images/LittleRobotBackgroundErase.png
2024-09-03T18:32:19.108Z - GET /Portfolio/images/SoftwareEngineerMacN_it.png
2024-09-03T18:32:19.110Z - GET /script.js
2024-09-03T18:33:00.267Z - GET /contact.html
2024-09-03T18:33:00.292Z - GET /contactStyles.css
2024-09-03T18:33:00.313Z - GET /WebDesignSummer24/Portfolio/images/LittleRobotBackgroundErase.png
2024-09-03T18:33:00.317Z - GET /WebDesignSummer24/Portfolio/images/SilhouetteManBizClothing1.jpg
2024-09-03T18:33:00.629Z - GET /contactScript.js
2024-09-03T18:33:02.868Z - GET /blog.html
2024-09-03T18:33:02.905Z - GET /blogStyles.css
2024-09-03T18:33:02.920Z - GET /WebDesignSummer24/Portfolio/images/LittleRobotBackgroundErase.png
2024-09-03T18:33:02.929Z - GET /WebDesignSummer24/Portfolio/images/SoftwareEngineer_WhtAM_male.png
2024-09-03T18:33:02.938Z - GET /blogScript.js
2024-09-03T18:33:02.996Z - GET /WebDesignSummer24/Portfolio/images/SoftwareEngineer_AFAM_Male.png
2024-09-03T18:33:02.935Z - GET /WebDesignSummer24/Portfolio/images/SoftwareEngineer_MexAM_Female.png
2024-09-03T18:33:04.885Z - GET /about.html
2024-09-03T18:33:04.920Z - GET /aboutStyles.css
2024-09-03T18:33:04.929Z - GET /WebDesignSummer24/Portfolio/images/LittleRobotBackgroundErase.png
2024-09-03T18:33:04.934Z - GET /WebDesignSummer24/Portfolio/images/GitHub-Mark.png
2024-09-03T18:33:04.935Z - GET /WebDesignSummer24/Portfolio/images/Button-Fill-Black-Large.png
2024-09-03T18:33:04.941Z - GET /WebDesignSummer24/Portfolio/images/Dev-badge.png
2024-09-03T18:33:04.940Z - GET /WebDesignSummer24/Portfolio/images/fcc_meta_1920X1080-indigo.png
2024-09-03T18:33:04.942Z - GET /WebDesignSummer24/Portfolio/images/React-icon.png
2024-09-03T18:33:04.952Z - GET /WebDesignSummer24/Portfolio/images/Angular.png
2024-09-03T18:33:04.950Z - GET /WebDesignSummer24/Portfolio/images/VueJS.png
2024-09-03T18:33:04.953Z - GET /WebDesignSummer24/Portfolio/images/Node.js.png
2024-09-03T18:33:04.954Z - GET /WebDesignSummer24/Portfolio/images/aws_logo_smile_1200x630.png
2024-09-03T18:33:04.958Z - GET /WebDesignSummer24/Portfolio/images/Android.png
2024-09-03T18:33:04.960Z - GET /WebDesignSummer24/Portfolio/images/SoftwareEngineer_AFAM_Male.png
2024-09-03T18:33:04.956Z - GET /WebDesignSummer24/Portfolio/images/DockerMobylogo.png
2024-09-03T18:33:04.959Z - GET /WebDesignSummer24/Portfolio/images/SoftwareEngineer_AFAM_Female.png
2024-09-03T18:33:04.961Z - GET /WebDesignSummer24/Portfolio/images/SoftwareEngineer_MeXAM_Female.png
2024-09-03T18:33:04.962Z - GET /aboutScript.js
2024-09-03T18:33:05.047Z - GET /WebDesignSummer24/Portfolio/images/GitHub-Mark.png
2024-09-03T18:33:05.050Z - GET /WebDesignSummer24/Portfolio/images/Button-Fill-Black-Large.png
2024-09-03T18:33:05.052Z - GET /WebDesignSummer24/Portfolio/images/Dev-badge.png
2024-09-03T18:33:05.051Z - GET /WebDesignSummer24/Portfolio/images/fcc_meta_1920X1080-indigo.png
2024-09-03T18:33:05.054Z - GET /WebDesignSummer24/Portfolio/images/React-icon.png
2024-09-03T18:33:06.429Z - GET /index.html
2024-09-03T18:33:06.458Z - GET /styles.css
2024-09-03T18:33:06.467Z - GET /Portfolio/images/LittleRobotBackgroundErase.png
2024-09-03T18:33:06.471Z - GET /script.js
2024-09-03T18:33:06.469Z - GET /Portfolio/images/SoftwareEngineerMacN_it.png
2024-09-03T18:36:15.984Z - GET /index.html
2024-09-03T18:36:16.007Z - GET /styles.css
2024-09-03T18:36:16.030Z - GET /images/LittleRobotBackgroundErase.png
2024-09-03T18:36:16.038Z - GET /Portfolio/images/SoftwareEngineerMacN_it.png
2024-09-03T18:36:16.041Z - GET /script.js
2024-09-03T18:36:36.936Z - GET /index.html
2024-09-03T18:36:36.961Z - GET /styles.css
2024-09-03T18:36:36.979Z - GET /images/LittleRobotBackgroundErase.png
2024-09-03T18:36:37.045Z - GET /script.js
2024-09-03T18:36:36.986Z - GET /images/SoftwareEngineerMacN_it.png
2024-09-03T18:36:42.756Z - GET /about.html
2024-09-03T18:36:42.796Z - GET /aboutStyles.css
2024-09-03T18:36:42.803Z - GET /WebDesignSummer24/Portfolio/images/LittleRobotBackgroundErase.png
2024-09-03T18:36:42.814Z - GET /WebDesignSummer24/Portfolio/images/fcc_meta_1920X1080-indigo.png
2024-09-03T18:36:42.818Z - GET /WebDesignSummer24/Portfolio/images/GitHub-Mark.png
2024-09-03T18:36:42.822Z - GET /WebDesignSummer24/Portfolio/images/Button-Fill-Black-Large.png
2024-09-03T18:36:42.888Z - GET /WebDesignSummer24/Portfolio/images/React-icon.png
2024-09-03T18:36:42.832Z - GET /WebDesignSummer24/Portfolio/images/Dev-badge.png
2024-09-03T18:36:42.890Z - GET /WebDesignSummer24/Portfolio/images/VueJS.png
2024-09-03T18:36:42.891Z - GET /WebDesignSummer24/Portfolio/images/Node.js.png
2024-09-03T18:36:42.895Z - GET /WebDesignSummer24/Portfolio/images/aws_logo_smile_1200x630.png
2024-09-03T18:36:42.899Z - GET /WebDesignSummer24/Portfolio/images/Angular.png
2024-09-03T18:36:42.900Z - GET /WebDesignSummer24/Portfolio/images/DockerMobylogo.png
2024-09-03T18:36:42.901Z - GET /WebDesignSummer24/Portfolio/images/Android.png
2024-09-03T18:36:42.902Z - GET /WebDesignSummer24/Portfolio/images/SoftwareEngineer_AFAM_Female.png
2024-09-03T18:36:42.905Z - GET /WebDesignSummer24/Portfolio/images/SoftwareEngineer_AFAM_Male.png
2024-09-03T18:36:42.906Z - GET /WebDesignSummer24/Portfolio/images/SoftwareEngineer_MeXAM_Female.png
2024-09-03T18:36:42.907Z - GET /aboutScript.js
2024-09-03T18:36:42.938Z - GET /WebDesignSummer24/Portfolio/images/GitHub-Mark.png
2024-09-03T18:36:42.944Z - GET /WebDesignSummer24/Portfolio/images/Dev-badge.png
2024-09-03T18:36:42.941Z - GET /WebDesignSummer24/Portfolio/images/Button-Fill-Black-Large.png
2024-09-03T18:36:42.943Z - GET /WebDesignSummer24/Portfolio/images/fcc_meta_1920X1080-indigo.png
2024-09-03T18:36:42.945Z - GET /WebDesignSummer24/Portfolio/images/React-icon.png
2024-09-03T18:38:48.146Z - GET /about.html
2024-09-03T18:38:53.460Z - GET /about.html
2024-09-03T18:38:53.479Z - GET /aboutStyles.css
2024-09-03T18:38:53.505Z - GET /images/LittleRobotBackgroundErase.png
2024-09-03T18:38:53.521Z - GET /images/GitHub-Mark.png
2024-09-03T18:38:53.528Z - GET /images/Button-Fill-Black-Large.png
2024-09-03T18:38:53.533Z - GET /images/Dev-badge.png
2024-09-03T18:38:53.531Z - GET /images/fcc_meta_1920X1080-indigo.png
2024-09-03T18:38:53.535Z - GET /images/React-icon.png
2024-09-03T18:38:53.537Z - GET /images/VueJS.png
2024-09-03T18:38:53.601Z - GET /images/Angular.png
2024-09-03T18:38:53.609Z - GET /images/aws_logo_smile_1200x630.png
2024-09-03T18:38:53.607Z - GET /images/Node.js.png
2024-09-03T18:38:53.610Z - GET /images/DockerMobylogo.png
2024-09-03T18:38:53.613Z - GET /images/Android.png
2024-09-03T18:38:53.617Z - GET /images/SoftwareEngineer_AFAM_Female.png
2024-09-03T18:38:53.619Z - GET /images/SoftwareEngineer_AFAM_Male.png
2024-09-03T18:38:53.624Z - GET /images/SoftwareEngineer_MeXAM_Female.png
2024-09-03T18:38:53.631Z - GET /aboutScript.js
2024-09-03T18:38:59.074Z - GET /WebDesignSummer24/Portfolio/images/SoftwareEngineer_AFAM_Female.png
2024-09-03T18:40:04.534Z - GET /about.html
2024-09-03T18:40:04.569Z - GET /aboutStyles.css
2024-09-03T18:40:04.588Z - GET /images/LittleRobotBackgroundErase.png
2024-09-03T18:40:04.600Z - GET /images/GitHub-Mark.png
2024-09-03T18:40:04.661Z - GET /images/Button-Fill-Black-Large.png
2024-09-03T18:40:04.662Z - GET /images/fcc_meta_1920X1080-indigo.png
2024-09-03T18:40:04.664Z - GET /images/Dev-badge.png
2024-09-03T18:40:04.665Z - GET /images/React-icon.png
2024-09-03T18:40:04.666Z - GET /images/VueJS.png
2024-09-03T18:40:04.679Z - GET /images/Angular.png
2024-09-03T18:40:04.685Z - GET /images/aws_logo_smile_1200x630.png
2024-09-03T18:40:04.684Z - GET /images/Node.js.png
2024-09-03T18:40:04.687Z - GET /images/Android.png
2024-09-03T18:40:04.686Z - GET /images/DockerMobylogo.png
2024-09-03T18:40:04.688Z - GET /images/SoftwareEngineer_AFAM_Female.png
2024-09-03T18:40:04.695Z - GET /images/SoftwareEngineer_AFAM_Male.png
2024-09-03T18:40:04.697Z - GET /images/SoftwareEngineer_MeXAM_Female.png
2024-09-03T18:40:04.705Z - GET /aboutScript.js
2024-09-03T18:40:11.665Z - GET /blog.html
2024-09-03T18:40:11.691Z - GET /blogStyles.css
2024-09-03T18:40:11.711Z - GET /WebDesignSummer24/Portfolio/images/LittleRobotBackgroundErase.png
2024-09-03T18:40:11.719Z - GET /WebDesignSummer24/Portfolio/images/SoftwareEngineer_WhtAM_male.png
2024-09-03T18:40:11.727Z - GET /WebDesignSummer24/Portfolio/images/SoftwareEngineer_AFAM_Male.png
2024-09-03T18:40:11.789Z - GET /WebDesignSummer24/Portfolio/images/SoftwareEngineer_MexAM_Female.png
2024-09-03T18:40:11.790Z - GET /blogScript.js
2024-09-03T18:41:31.212Z - GET /blog.html
2024-09-03T18:41:31.233Z - GET /blogStyles.css
2024-09-03T18:41:31.257Z - GET /images/LittleRobotBackgroundErase.png
2024-09-03T18:41:31.269Z - GET /images/SoftwareEngineer_WhtAM_male.png
2024-09-03T18:41:31.278Z - GET /images/SoftwareEngineer_MexAM_Female.png
2024-09-03T18:41:31.341Z - GET /blogScript.js
2024-09-03T18:41:31.342Z - GET /images/SoftwareEngineer_AFAM_Male.png
2024-09-03T18:41:42.115Z - GET /contact.html
2024-09-03T18:41:42.158Z - GET /contactStyles.css
2024-09-03T18:41:42.167Z - GET /WebDesignSummer24/Portfolio/images/LittleRobotBackgroundErase.png
2024-09-03T18:41:42.173Z - GET /contactScript.js
2024-09-03T18:41:42.176Z - GET /WebDesignSummer24/Portfolio/images/SilhouetteManBizClothing1.jpg
2024-09-03T18:42:27.500Z - GET /contact.html
2024-09-03T18:42:27.535Z - GET /contactStyles.css
2024-09-03T18:42:27.546Z - GET /images/LittleRobotBackgroundErase.png
2024-09-03T18:42:27.549Z - GET /images/SilhouetteManBizClothing1.jpg
2024-09-03T18:42:27.554Z - GET /contactScript.js
