2024-08-24T21:30:40.411Z - GET /
2024-08-24T21:30:43.197Z - GET /favicon.ico
2024-08-24T21:38:00.328Z - GET /
2024-08-24T21:38:02.981Z - GET /favicon.ico
2024-08-24T21:38:16.369Z - GET /
2024-08-24T21:38:17.275Z - GET /favicon.ico
2024-08-24T21:45:11.686Z - GET /
2024-08-24T21:45:14.435Z - GET /favicon.ico
2024-08-24T21:52:18.146Z - GET /
2024-08-24T22:04:48.559Z - GET /
2024-08-24T22:04:49.429Z - GET /favicon.ico
2024-08-24T22:15:20.839Z - GET /
2024-08-24T22:15:33.456Z - GET /
2024-08-24T22:23:13.923Z - GET /
2024-08-24T22:24:10.181Z - GET /
2024-08-24T22:35:41.376Z - GET /
2024-08-24T22:35:41.402Z - GET /styles.css
2024-08-24T22:35:41.411Z - GET /carouselStyles.css
2024-08-24T22:35:41.466Z - GET /WebDesignSummer24/WebDesign/images/IMG_9943.JPG
2024-08-24T22:35:41.743Z - GET /WebDesignSummer24/WebDesign/images/IMG_9939.JPG
2024-08-24T22:35:41.771Z - GET /WebDesignSummer24/WebDesign/images/IMG_9944.JPG
2024-08-24T22:35:41.783Z - GET /WebDesignSummer24/WebDesign/images/IMG_9537_LoveWins.JPG
2024-08-24T22:35:41.776Z - GET /WebDesignSummer24/WebDesign/images/IMG_9835.JPG
2024-08-24T22:35:41.790Z - GET /WebDesignSummer24/WebDesign/images/IMG_9841.JPG
2024-08-24T22:35:41.800Z - GET /WebDesignSummer24/WebDesign/images/IMG_9848.JPG
2024-08-24T22:35:41.804Z - GET /WebDesignSummer24/WebDesign/images/IMG_9950.JPG
2024-08-24T22:35:41.807Z - GET /WebDesignSummer24/WebDesign/images/IMG_9856.JPG
2024-08-24T22:35:41.814Z - GET /WebDesignSummer24/WebDesign/images/IMG_9860.JPG
2024-08-24T22:35:41.819Z - GET /WebDesignSummer24/WebDesign/images/IMG_9566.JPG
2024-08-24T22:35:41.826Z - GET /WebDesignSummer24/WebDesign/images/IMG_9772.JPG
2024-08-24T22:35:41.832Z - GET /WebDesignSummer24/WebDesign/images/IMG_9573.JPG
2024-08-24T22:35:41.836Z - GET /script.js
2024-08-24T22:35:41.887Z - GET /WebDesignSummer24/WebDesign/images/IMG_9936.JPG
2024-08-24T22:35:41.890Z - GET /WebDesignSummer24/WebDesign/images/IMG_9937.JPG
2024-08-24T22:35:41.891Z - GET /WebDesignSummer24/WebDesign/images/IMG_9938.JPG
2024-08-24T22:35:41.892Z - GET /WebDesignSummer24/WebDesign/images/IMG_9939.JPG
2024-08-24T22:35:41.894Z - GET /WebDesignSummer24/WebDesign/images/IMG_9940.JPG
2024-08-24T22:35:41.896Z - GET /WebDesignSummer24/WebDesign/images/IMG_9841.JPG
2024-08-24T22:35:41.902Z - GET /WebDesignSummer24/WebDesign/images/IMG_9942.JPG
2024-08-24T22:35:41.907Z - GET /WebDesignSummer24/WebDesign/images/IMG_9943.JPG
2024-08-24T22:35:41.911Z - GET /WebDesignSummer24/WebDesign/images/IMG_9944.JPG
2024-08-24T22:35:41.918Z - GET /WebDesignSummer24/WebDesign/images/IMG_9950.JPG
2024-08-24T22:35:56.160Z - GET /styles.css
2024-08-24T22:35:56.162Z - GET /carouselStyles.css
2024-08-24T22:36:39.217Z - GET /
2024-08-24T22:36:39.246Z - GET /styles.css
2024-08-24T22:36:41.286Z - GET /carouselStyles.css
2024-08-24T22:36:41.288Z - GET /WebDesignSummer24/WebDesign/images/IMG_9944.JPG
2024-08-24T22:36:41.292Z - GET /WebDesignSummer24/WebDesign/images/IMG_9537_LoveWins.JPG
2024-08-24T22:36:41.290Z - GET /WebDesignSummer24/WebDesign/images/IMG_9835.JPG
2024-08-24T22:36:41.297Z - GET /WebDesignSummer24/WebDesign/images/IMG_9943.JPG
2024-08-24T22:36:41.300Z - GET /WebDesignSummer24/WebDesign/images/IMG_9841.JPG
2024-08-24T22:36:41.304Z - GET /WebDesignSummer24/WebDesign/images/IMG_9848.JPG
2024-08-24T22:36:41.314Z - GET /WebDesignSummer24/WebDesign/images/IMG_9950.JPG
2024-08-24T22:36:41.320Z - GET /WebDesignSummer24/WebDesign/images/IMG_9856.JPG
2024-08-24T22:36:41.331Z - GET /WebDesignSummer24/WebDesign/images/IMG_9566.JPG
2024-08-24T22:36:41.325Z - GET /WebDesignSummer24/WebDesign/images/IMG_9860.JPG
2024-08-24T22:36:41.337Z - GET /WebDesignSummer24/WebDesign/images/IMG_9772.JPG
2024-08-24T22:36:41.342Z - GET /WebDesignSummer24/WebDesign/images/IMG_9573.JPG
2024-08-24T22:36:41.347Z - GET /script.js
2024-08-24T22:36:41.371Z - GET /WebDesignSummer24/WebDesign/images/IMG_9939.JPG
2024-08-24T22:36:41.435Z - GET /WebDesignSummer24/WebDesign/images/IMG_9936.JPG
2024-08-24T22:36:41.440Z - GET /WebDesignSummer24/WebDesign/images/IMG_9939.JPG
2024-08-24T22:36:41.436Z - GET /WebDesignSummer24/WebDesign/images/IMG_9937.JPG
2024-08-24T22:36:41.438Z - GET /WebDesignSummer24/WebDesign/images/IMG_9938.JPG
2024-08-24T22:36:41.442Z - GET /WebDesignSummer24/WebDesign/images/IMG_9940.JPG
2024-08-24T22:36:41.443Z - GET /WebDesignSummer24/WebDesign/images/IMG_9841.JPG
2024-08-24T22:36:41.446Z - GET /WebDesignSummer24/WebDesign/images/IMG_9942.JPG
2024-08-24T22:36:41.447Z - GET /WebDesignSummer24/WebDesign/images/IMG_9943.JPG
2024-08-24T22:36:41.449Z - GET /WebDesignSummer24/WebDesign/images/IMG_9944.JPG
2024-08-24T22:36:41.451Z - GET /WebDesignSummer24/WebDesign/images/IMG_9950.JPG
